  BackGround.cpp
c1xx : fatal error C1083: ソース ファイルを開けません。'BackGround.cpp':No such file or directory
  CollsionManager.cpp
  DirectX.cpp
  c:\program files (x86)\microsoft directx sdk (june 2010)\include\dinput.h: DIRECTINPUT_VERSION undefined. Defaulting to version 0x0800
  GameScene.cpp
c1xx : fatal error C1083: ソース ファイルを開けません。'GameScene.cpp':No such file or directory
  Object.cpp
  c:\program files (x86)\microsoft directx sdk (june 2010)\include\dinput.h: DIRECTINPUT_VERSION undefined. Defaulting to version 0x0800
  ObjectManager.cpp
c:\users\jiros\onedrive\デスクトップ\deepseestars\deepsee_stars\deepsee_stars\objectmanager.h(3): fatal error C1083: include ファイルを開けません。'Stage.h':No such file or directory
  Player.cpp
c1xx : fatal error C1083: ソース ファイルを開けません。'Player.cpp':No such file or directory
  ProjectManager.cpp
  c:\program files (x86)\microsoft directx sdk (june 2010)\include\dinput.h: DIRECTINPUT_VERSION undefined. Defaulting to version 0x0800
c:\users\jiros\onedrive\デスクトップ\deepseestars\deepsee_stars\deepsee_stars\scenemanager.h(4): fatal error C1083: include ファイルを開けません。'StageSelectScene.h':No such file or directory
  ResultScene.cpp
  c:\program files (x86)\microsoft directx sdk (june 2010)\include\dinput.h: DIRECTINPUT_VERSION undefined. Defaulting to version 0x0800
c:\users\jiros\onedrive\デスクトップ\deepseestars\deepsee_stars\deepsee_stars\scenemanager.h(4): fatal error C1083: include ファイルを開けません。'StageSelectScene.h':No such file or directory
  Scene.cpp
  SceneManager.cpp
  c:\program files (x86)\microsoft directx sdk (june 2010)\include\dinput.h: DIRECTINPUT_VERSION undefined. Defaulting to version 0x0800
c:\users\jiros\onedrive\デスクトップ\deepseestars\deepsee_stars\deepsee_stars\scenemanager.h(4): fatal error C1083: include ファイルを開けません。'StageSelectScene.h':No such file or directory
  Stage.cpp
c1xx : fatal error C1083: ソース ファイルを開けません。'Stage.cpp':No such file or directory
  TitleScene.cpp
  c:\program files (x86)\microsoft directx sdk (june 2010)\include\dinput.h: DIRECTINPUT_VERSION undefined. Defaulting to version 0x0800
c:\users\jiros\onedrive\デスクトップ\deepseestars\deepsee_stars\deepsee_stars\scenemanager.h(4): fatal error C1083: include ファイルを開けません。'StageSelectScene.h':No such file or directory
  コードを生成中...
